<?xml version="1.0" encoding="UTF-8"?>
<!-- Generated by org.testng.reporters.JUnitReportReporter -->
<testsuite name="test.Tests" tests="2" time="32.844" ignored="0" failures="0" timestamp="03 dic 2018 04:37:03 GMT" skipped="0" hostname="LAPTOP-5V3692RC" errors="0">
  <testcase name="pruebaDos" time="16.432" classname="test.Tests"/>
  <testcase name="pruebaUno" time="16.412" classname="test.Tests"/>
</testsuite> <!-- test.Tests -->
